[09:59:51] [main/INFO]: Environment: authHost='https://authserver.mojang.com', accountsHost='https://api.mojang.com', sessionHost='https://sessionserver.mojang.com', servicesHost='https://api.minecraftservices.com', name='PROD'
[09:59:51] [main/WARN]: Ambiguity between arguments [teleport, location] and [teleport, destination] with inputs: [0.1 -0.5 .9, 0 0 0]
[09:59:51] [main/WARN]: Ambiguity between arguments [teleport, location] and [teleport, targets] with inputs: [0.1 -0.5 .9, 0 0 0]
[09:59:51] [main/WARN]: Ambiguity between arguments [teleport, destination] and [teleport, targets] with inputs: [Player, 0123, @e, dd12be42-52a9-4a91-a8a1-11c01849e498]
[09:59:51] [main/WARN]: Ambiguity between arguments [teleport, targets] and [teleport, destination] with inputs: [Player, 0123, dd12be42-52a9-4a91-a8a1-11c01849e498]
[09:59:51] [main/WARN]: Ambiguity between arguments [teleport, targets, location] and [teleport, targets, destination] with inputs: [0.1 -0.5 .9, 0 0 0]
[09:59:51] [main/INFO]: Reloading ResourceManager: Default
[09:59:52] [Worker-Main-12/INFO]: Loaded 7 recipes
[09:59:53] [Worker-Main-12/INFO]: Loaded 1137 advancements
[09:59:55] [Server thread/INFO]: Starting minecraft server version 1.17.1
[09:59:55] [Server thread/INFO]: Loading properties
[09:59:55] [Server thread/INFO]: Default game type: SURVIVAL
[09:59:55] [Server thread/INFO]: Generating keypair
[09:59:55] [Server thread/INFO]: Starting Minecraft server on *:25565
[09:59:55] [Server thread/INFO]: Using default channel type
[09:59:55] [Server thread/INFO]: Preparing level "world"
[09:59:56] [Server thread/INFO]: Preparing start region for dimension minecraft:overworld
[09:59:56] [Worker-Main-9/INFO]: Preparing spawn area: 0%
[09:59:56] [Worker-Main-14/INFO]: Preparing spawn area: 0%
[09:59:57] [Worker-Main-8/INFO]: Preparing spawn area: 0%
[09:59:57] [Worker-Main-8/INFO]: Preparing spawn area: 0%
[09:59:58] [Worker-Main-10/INFO]: Preparing spawn area: 0%
[09:59:58] [Worker-Main-14/INFO]: Preparing spawn area: 4%
[09:59:59] [Worker-Main-14/INFO]: Preparing spawn area: 4%
[09:59:59] [Worker-Main-9/INFO]: Preparing spawn area: 18%
[10:00:00] [Worker-Main-11/INFO]: Preparing spawn area: 19%
[10:00:00] [Worker-Main-8/INFO]: Preparing spawn area: 57%
[10:00:02] [Server thread/INFO]: Time elapsed: 5940 ms
[10:00:02] [Server thread/INFO]: Done (6.082s)! For help, type "help"
[18:40:05] [Server thread/INFO]: Stopping the server
[18:40:05] [Server thread/INFO]: Stopping server
[18:40:05] [Server thread/INFO]: Saving players
[18:40:05] [Server thread/INFO]: Saving worlds
[18:40:05] [Server thread/INFO]: Saving chunks for level 'ServerLevel[world]'/minecraft:overworld
[18:40:05] [Server thread/INFO]: Saving chunks for level 'ServerLevel[world]'/minecraft:the_nether
[18:40:05] [Server thread/INFO]: Saving chunks for level 'ServerLevel[world]'/minecraft:the_end
[18:40:05] [Server thread/INFO]: ThreadedAnvilChunkStorage (world): All chunks are saved
[18:40:05] [Server thread/INFO]: ThreadedAnvilChunkStorage (DIM-1): All chunks are saved
[18:40:05] [Server thread/INFO]: ThreadedAnvilChunkStorage (DIM1): All chunks are saved
[18:40:05] [Server thread/INFO]: ThreadedAnvilChunkStorage: All dimensions are saved
